{"level":"info","message":"Starting SelectCARE 1.0.0 server.","timestamp":"2018-06-05T22:10:41.297Z"}
{"level":"info","message":"Starting sequelize authentication process.","timestamp":"2018-06-05T22:10:41.300Z"}
{"level":"info","message":"Attempting authentication for database [sql].","timestamp":"2018-06-05T22:10:41.301Z"}
{"message":"Failed to connect to DESKTOP-7LKJK96\\MOHSIN:1433 - getaddrinfo ENOTFOUND DESKTOP-7LKJK96\\MOHSIN","stack":"SequelizeHostNotFoundError: Failed to connect to DESKTOP-7LKJK96\\MOHSIN:1433 - getaddrinfo ENOTFOUND DESKTOP-7LKJK96\\MOHSIN\n    at Connection.connection.on.err (E:\\My Data\\mohsi\\NewProjects\\UPWORK\\Projects\\cory_sager\\Project\\ScheduleSmart\\ssmart\\node_modules\\sequelize\\lib\\dialects\\mssql\\connection-manager.js:98:22)\n    at Connection.emit (events.js:127:13)\n    at Connection.socketError (E:\\My Data\\mohsi\\NewProjects\\UPWORK\\Projects\\cory_sager\\Project\\ScheduleSmart\\ssmart\\node_modules\\tedious\\lib\\connection.js:875:14)\n    at E:\\My Data\\mohsi\\NewProjects\\UPWORK\\Projects\\cory_sager\\Project\\ScheduleSmart\\ssmart\\node_modules\\tedious\\lib\\connection.js:740:25\n    at GetAddrInfoReqWrap.callback (E:\\My Data\\mohsi\\NewProjects\\UPWORK\\Projects\\cory_sager\\Project\\ScheduleSmart\\ssmart\\node_modules\\tedious\\lib\\connector.js:68:18)\n    at GetAddrInfoReqWrap.onlookupall [as oncomplete] (dns.js:79:17)","name":"SequelizeHostNotFoundError","parent":{"message":"Failed to connect to DESKTOP-7LKJK96\\MOHSIN:1433 - getaddrinfo ENOTFOUND DESKTOP-7LKJK96\\MOHSIN","code":"ESOCKET"},"original":{"message":"Failed to connect to DESKTOP-7LKJK96\\MOHSIN:1433 - getaddrinfo ENOTFOUND DESKTOP-7LKJK96\\MOHSIN","code":"ESOCKET"},"level":"error","timestamp":"2018-06-05T22:10:41.343Z"}
{"level":"error","message":"Failed to start SelectCARE 1.0.0 server.","timestamp":"2018-06-05T22:10:41.344Z"}
{"level":"info","message":"Starting SelectCARE 1.0.0 server.","timestamp":"2018-06-05T22:16:54.103Z"}
{"level":"info","message":"Starting sequelize authentication process.","timestamp":"2018-06-05T22:16:54.106Z"}
{"level":"info","message":"Attempting authentication for database [sql].","timestamp":"2018-06-05T22:16:54.107Z"}
{"message":"Failed to connect to DESKTOP-7LKJK96\\MOHSIN:1433 - getaddrinfo ENOTFOUND DESKTOP-7LKJK96\\MOHSIN","stack":"SequelizeHostNotFoundError: Failed to connect to DESKTOP-7LKJK96\\MOHSIN:1433 - getaddrinfo ENOTFOUND DESKTOP-7LKJK96\\MOHSIN\n    at Connection.connection.on.err (E:\\My Data\\mohsi\\NewProjects\\UPWORK\\Projects\\cory_sager\\Project\\ScheduleSmart\\ssmart\\node_modules\\sequelize\\lib\\dialects\\mssql\\connection-manager.js:98:22)\n    at Connection.emit (events.js:127:13)\n    at Connection.socketError (E:\\My Data\\mohsi\\NewProjects\\UPWORK\\Projects\\cory_sager\\Project\\ScheduleSmart\\ssmart\\node_modules\\tedious\\lib\\connection.js:875:14)\n    at E:\\My Data\\mohsi\\NewProjects\\UPWORK\\Projects\\cory_sager\\Project\\ScheduleSmart\\ssmart\\node_modules\\tedious\\lib\\connection.js:740:25\n    at GetAddrInfoReqWrap.callback (E:\\My Data\\mohsi\\NewProjects\\UPWORK\\Projects\\cory_sager\\Project\\ScheduleSmart\\ssmart\\node_modules\\tedious\\lib\\connector.js:68:18)\n    at GetAddrInfoReqWrap.onlookupall [as oncomplete] (dns.js:79:17)","name":"SequelizeHostNotFoundError","parent":{"message":"Failed to connect to DESKTOP-7LKJK96\\MOHSIN:1433 - getaddrinfo ENOTFOUND DESKTOP-7LKJK96\\MOHSIN","code":"ESOCKET"},"original":{"message":"Failed to connect to DESKTOP-7LKJK96\\MOHSIN:1433 - getaddrinfo ENOTFOUND DESKTOP-7LKJK96\\MOHSIN","code":"ESOCKET"},"level":"error","timestamp":"2018-06-05T22:16:54.174Z"}
{"level":"error","message":"Failed to start SelectCARE 1.0.0 server.","timestamp":"2018-06-05T22:16:54.175Z"}
{"level":"info","message":"Starting SelectCARE 1.0.0 server.","timestamp":"2018-06-05T22:22:07.905Z"}
{"level":"info","message":"Starting sequelize authentication process.","timestamp":"2018-06-05T22:22:07.908Z"}
{"level":"info","message":"Attempting authentication for database [sql].","timestamp":"2018-06-05T22:22:07.909Z"}
{"message":"Failed to connect to DESKTOP-7LKJK96\\MOHSIN:1433 - getaddrinfo ENOTFOUND DESKTOP-7LKJK96\\MOHSIN","stack":"SequelizeHostNotFoundError: Failed to connect to DESKTOP-7LKJK96\\MOHSIN:1433 - getaddrinfo ENOTFOUND DESKTOP-7LKJK96\\MOHSIN\n    at Connection.connection.on.err (E:\\My Data\\mohsi\\NewProjects\\UPWORK\\Projects\\cory_sager\\Project\\ScheduleSmart\\ssmart\\node_modules\\sequelize\\lib\\dialects\\mssql\\connection-manager.js:98:22)\n    at Connection.emit (events.js:127:13)\n    at Connection.socketError (E:\\My Data\\mohsi\\NewProjects\\UPWORK\\Projects\\cory_sager\\Project\\ScheduleSmart\\ssmart\\node_modules\\tedious\\lib\\connection.js:875:14)\n    at E:\\My Data\\mohsi\\NewProjects\\UPWORK\\Projects\\cory_sager\\Project\\ScheduleSmart\\ssmart\\node_modules\\tedious\\lib\\connection.js:740:25\n    at GetAddrInfoReqWrap.callback (E:\\My Data\\mohsi\\NewProjects\\UPWORK\\Projects\\cory_sager\\Project\\ScheduleSmart\\ssmart\\node_modules\\tedious\\lib\\connector.js:68:18)\n    at GetAddrInfoReqWrap.onlookupall [as oncomplete] (dns.js:79:17)","name":"SequelizeHostNotFoundError","parent":{"message":"Failed to connect to DESKTOP-7LKJK96\\MOHSIN:1433 - getaddrinfo ENOTFOUND DESKTOP-7LKJK96\\MOHSIN","code":"ESOCKET"},"original":{"message":"Failed to connect to DESKTOP-7LKJK96\\MOHSIN:1433 - getaddrinfo ENOTFOUND DESKTOP-7LKJK96\\MOHSIN","code":"ESOCKET"},"level":"error","timestamp":"2018-06-05T22:22:07.960Z"}
{"level":"error","message":"Failed to start SelectCARE 1.0.0 server.","timestamp":"2018-06-05T22:22:07.960Z"}
{"level":"info","message":"Starting SelectCARE 1.0.0 server.","timestamp":"2018-06-05T22:48:14.116Z"}
{"level":"info","message":"Starting sequelize authentication process.","timestamp":"2018-06-05T22:48:14.120Z"}
{"level":"info","message":"Attempting authentication for database [sql].","timestamp":"2018-06-05T22:48:14.120Z"}
{"message":"Failed to connect to DESKTOP-7LKJK96\\MOHSIN:1433 - getaddrinfo ENOTFOUND DESKTOP-7LKJK96\\MOHSIN","stack":"SequelizeHostNotFoundError: Failed to connect to DESKTOP-7LKJK96\\MOHSIN:1433 - getaddrinfo ENOTFOUND DESKTOP-7LKJK96\\MOHSIN\n    at Connection.connection.on.err (E:\\My Data\\mohsi\\NewProjects\\UPWORK\\Projects\\cory_sager\\Project\\ScheduleSmart\\ssmart\\node_modules\\sequelize\\lib\\dialects\\mssql\\connection-manager.js:98:22)\n    at Connection.emit (events.js:127:13)\n    at Connection.socketError (E:\\My Data\\mohsi\\NewProjects\\UPWORK\\Projects\\cory_sager\\Project\\ScheduleSmart\\ssmart\\node_modules\\tedious\\lib\\connection.js:875:14)\n    at E:\\My Data\\mohsi\\NewProjects\\UPWORK\\Projects\\cory_sager\\Project\\ScheduleSmart\\ssmart\\node_modules\\tedious\\lib\\connection.js:740:25\n    at GetAddrInfoReqWrap.callback (E:\\My Data\\mohsi\\NewProjects\\UPWORK\\Projects\\cory_sager\\Project\\ScheduleSmart\\ssmart\\node_modules\\tedious\\lib\\connector.js:68:18)\n    at GetAddrInfoReqWrap.onlookupall [as oncomplete] (dns.js:79:17)","name":"SequelizeHostNotFoundError","parent":{"message":"Failed to connect to DESKTOP-7LKJK96\\MOHSIN:1433 - getaddrinfo ENOTFOUND DESKTOP-7LKJK96\\MOHSIN","code":"ESOCKET"},"original":{"message":"Failed to connect to DESKTOP-7LKJK96\\MOHSIN:1433 - getaddrinfo ENOTFOUND DESKTOP-7LKJK96\\MOHSIN","code":"ESOCKET"},"level":"error","timestamp":"2018-06-05T22:48:14.160Z"}
{"level":"error","message":"Failed to start SelectCARE 1.0.0 server.","timestamp":"2018-06-05T22:48:14.160Z"}
{"level":"info","message":"Starting Schedule Smart 1.0.0 server.","timestamp":"2018-06-05T22:54:18.029Z"}
{"level":"info","message":"Starting custom Sequelize data type injection.","timestamp":"2018-06-05T22:54:18.032Z"}
{"level":"info","message":"Injecting custom Sequelize type [SMALLDATETIME].","timestamp":"2018-06-05T22:54:18.033Z"}
{"level":"info","message":"Custom Sequelize data type injection complete.","timestamp":"2018-06-05T22:54:18.036Z"}
{"level":"info","message":"Initializing models.","timestamp":"2018-06-05T22:54:18.037Z"}
{"level":"info","message":"Loading models for database [sql].","timestamp":"2018-06-05T22:54:18.038Z"}
{"message":"Cannot find module './sql'","stack":"Error: Cannot find module './sql'\n    at Function.Module._resolveFilename (module.js:557:15)\n    at Function.Module._load (module.js:484:25)\n    at Module.require (module.js:606:17)\n    at require (internal/module.js:11:18)\n    at readyKeyedModels (E:\\My Data\\mohsi\\NewProjects\\UPWORK\\Projects\\cory_sager\\Project\\ScheduleSmart\\ssmart\\server\\models\\readyKeyedModels.js:8:21)\n    at loadModels (E:\\My Data\\mohsi\\NewProjects\\UPWORK\\Projects\\cory_sager\\Project\\ScheduleSmart\\ssmart\\server\\boot\\readyModels.js:16:24)\n    at Array.map (<anonymous>)\n    at readyModels (E:\\My Data\\mohsi\\NewProjects\\UPWORK\\Projects\\cory_sager\\Project\\ScheduleSmart\\ssmart\\server\\boot\\readyModels.js:29:10)\n    at <anonymous>","code":"MODULE_NOT_FOUND","level":"error","timestamp":"2018-06-05T22:54:18.040Z"}
{"level":"error","message":"Failed to start Schedule Smart 1.0.0 server.","timestamp":"2018-06-05T22:54:18.041Z"}
{"level":"info","message":"Starting Schedule Smart 1.0.0 server.","timestamp":"2018-06-05T23:00:39.099Z"}
{"level":"info","message":"Starting custom Sequelize data type injection.","timestamp":"2018-06-05T23:00:39.101Z"}
{"level":"info","message":"Injecting custom Sequelize type [SMALLDATETIME].","timestamp":"2018-06-05T23:00:39.102Z"}
{"level":"info","message":"Custom Sequelize data type injection complete.","timestamp":"2018-06-05T23:00:39.103Z"}
{"level":"info","message":"Initializing models.","timestamp":"2018-06-05T23:00:39.104Z"}
{"level":"info","message":"Loading models for database [sql].","timestamp":"2018-06-05T23:00:39.104Z"}
{"message":"Cannot find module './sql'","stack":"Error: Cannot find module './sql'\n    at Function.Module._resolveFilename (module.js:557:15)\n    at Function.Module._load (module.js:484:25)\n    at Module.require (module.js:606:17)\n    at require (internal/module.js:11:18)\n    at readyKeyedModels (E:\\My Data\\mohsi\\NewProjects\\UPWORK\\Projects\\cory_sager\\Project\\ScheduleSmart\\ssmart\\server\\models\\readyKeyedModels.js:8:21)\n    at loadModels (E:\\My Data\\mohsi\\NewProjects\\UPWORK\\Projects\\cory_sager\\Project\\ScheduleSmart\\ssmart\\server\\boot\\readyModels.js:16:24)\n    at Array.map (<anonymous>)\n    at readyModels (E:\\My Data\\mohsi\\NewProjects\\UPWORK\\Projects\\cory_sager\\Project\\ScheduleSmart\\ssmart\\server\\boot\\readyModels.js:29:10)\n    at <anonymous>","code":"MODULE_NOT_FOUND","level":"error","timestamp":"2018-06-05T23:00:39.107Z"}
{"level":"error","message":"Failed to start Schedule Smart 1.0.0 server.","timestamp":"2018-06-05T23:00:39.109Z"}
{"level":"info","message":"Starting Schedule Smart 1.0.0 server.","timestamp":"2018-06-05T23:07:19.901Z"}
{"level":"info","message":"Starting custom Sequelize data type injection.","timestamp":"2018-06-05T23:07:19.903Z"}
{"level":"info","message":"Injecting custom Sequelize type [SMALLDATETIME].","timestamp":"2018-06-05T23:07:19.904Z"}
{"level":"info","message":"Custom Sequelize data type injection complete.","timestamp":"2018-06-05T23:07:19.905Z"}
{"level":"info","message":"Initializing models.","timestamp":"2018-06-05T23:07:19.905Z"}
{"level":"info","message":"Loading models for database [sql].","timestamp":"2018-06-05T23:07:19.906Z"}
{"message":"Cannot find module './sql'","stack":"Error: Cannot find module './sql'\n    at Function.Module._resolveFilename (module.js:557:15)\n    at Function.Module._load (module.js:484:25)\n    at Module.require (module.js:606:17)\n    at require (internal/module.js:11:18)\n    at readyKeyedModels (E:\\My Data\\mohsi\\NewProjects\\UPWORK\\Projects\\cory_sager\\Project\\ScheduleSmart\\ssmart\\server\\models\\readyKeyedModels.js:8:21)\n    at loadModels (E:\\My Data\\mohsi\\NewProjects\\UPWORK\\Projects\\cory_sager\\Project\\ScheduleSmart\\ssmart\\server\\boot\\readyModels.js:16:24)\n    at Array.map (<anonymous>)\n    at readyModels (E:\\My Data\\mohsi\\NewProjects\\UPWORK\\Projects\\cory_sager\\Project\\ScheduleSmart\\ssmart\\server\\boot\\readyModels.js:29:10)\n    at <anonymous>","code":"MODULE_NOT_FOUND","level":"error","timestamp":"2018-06-05T23:07:19.908Z"}
{"level":"error","message":"Failed to start Schedule Smart 1.0.0 server.","timestamp":"2018-06-05T23:07:19.909Z"}
{"level":"info","message":"Starting Schedule Smart 1.0.0 server.","timestamp":"2018-06-05T23:09:45.536Z"}
{"level":"info","message":"Starting custom Sequelize data type injection.","timestamp":"2018-06-05T23:09:45.538Z"}
{"level":"info","message":"Injecting custom Sequelize type [SMALLDATETIME].","timestamp":"2018-06-05T23:09:45.539Z"}
{"level":"info","message":"Custom Sequelize data type injection complete.","timestamp":"2018-06-05T23:09:45.540Z"}
{"level":"info","message":"Initializing models.","timestamp":"2018-06-05T23:09:45.540Z"}
{"level":"info","message":"Loading models for database [sql].","timestamp":"2018-06-05T23:09:45.541Z"}
{"message":"relationships is not defined","stack":"ReferenceError: relationships is not defined\n    at module.exports.sequelize (E:\\My Data\\mohsi\\NewProjects\\UPWORK\\Projects\\cory_sager\\Project\\ScheduleSmart\\ssmart\\server\\models\\ss\\index.js:9:5)\n    at readyKeyedModels (E:\\My Data\\mohsi\\NewProjects\\UPWORK\\Projects\\cory_sager\\Project\\ScheduleSmart\\ssmart\\server\\models\\readyKeyedModels.js:9:12)\n    at loadModels (E:\\My Data\\mohsi\\NewProjects\\UPWORK\\Projects\\cory_sager\\Project\\ScheduleSmart\\ssmart\\server\\boot\\readyModels.js:16:24)\n    at Array.map (<anonymous>)\n    at readyModels (E:\\My Data\\mohsi\\NewProjects\\UPWORK\\Projects\\cory_sager\\Project\\ScheduleSmart\\ssmart\\server\\boot\\readyModels.js:29:10)\n    at <anonymous>","level":"error","timestamp":"2018-06-05T23:09:45.571Z"}
{"level":"error","message":"Failed to start Schedule Smart 1.0.0 server.","timestamp":"2018-06-05T23:09:45.572Z"}
{"level":"info","message":"Starting Schedule Smart 1.0.0 server.","timestamp":"2018-06-05T23:11:11.313Z"}
{"level":"info","message":"Starting custom Sequelize data type injection.","timestamp":"2018-06-05T23:11:11.316Z"}
{"level":"info","message":"Injecting custom Sequelize type [SMALLDATETIME].","timestamp":"2018-06-05T23:11:11.316Z"}
{"level":"info","message":"Custom Sequelize data type injection complete.","timestamp":"2018-06-05T23:11:11.317Z"}
{"level":"info","message":"Initializing models.","timestamp":"2018-06-05T23:11:11.318Z"}
{"level":"info","message":"Loading models for database [sql].","timestamp":"2018-06-05T23:11:11.318Z"}
{"level":"info","message":"Successfully loaded models for database [sql].","timestamp":"2018-06-05T23:11:11.351Z"}
{"level":"info","message":"Model initialization complete.","timestamp":"2018-06-05T23:11:11.352Z"}
{"level":"info","message":"Starting services initialization.","timestamp":"2018-06-05T23:11:11.352Z"}
{"level":"info","message":"Service initialization complete.","timestamp":"2018-06-05T23:11:11.353Z"}
{"level":"info","message":"Initializing express web server.","timestamp":"2018-06-05T23:11:11.359Z"}
{"message":"Cannot read property 'middleware' of undefined","stack":"TypeError: Cannot read property 'middleware' of undefined\n    at constructExpressApp (E:\\My Data\\mohsi\\NewProjects\\UPWORK\\Projects\\cory_sager\\Project\\ScheduleSmart\\ssmart\\server\\boot\\constructExpressApp.js:54:26)\n    at <anonymous>","level":"error","timestamp":"2018-06-05T23:11:11.377Z"}
{"level":"error","message":"Failed to start Schedule Smart 1.0.0 server.","timestamp":"2018-06-05T23:11:11.378Z"}
{"level":"info","message":"Starting Schedule Smart 1.0.0 server.","timestamp":"2018-06-05T23:16:18.980Z"}
{"level":"info","message":"Starting custom Sequelize data type injection.","timestamp":"2018-06-05T23:16:18.980Z"}
{"level":"info","message":"Injecting custom Sequelize type [SMALLDATETIME].","timestamp":"2018-06-05T23:16:18.980Z"}
{"level":"info","message":"Custom Sequelize data type injection complete.","timestamp":"2018-06-05T23:16:18.984Z"}
{"level":"info","message":"Initializing models.","timestamp":"2018-06-05T23:16:18.984Z"}
{"level":"info","message":"Loading models for database [sql].","timestamp":"2018-06-05T23:16:18.984Z"}
{"level":"info","message":"Successfully loaded models for database [sql].","timestamp":"2018-06-05T23:16:19.004Z"}
{"level":"info","message":"Model initialization complete.","timestamp":"2018-06-05T23:16:19.004Z"}
{"level":"info","message":"Starting services initialization.","timestamp":"2018-06-05T23:16:19.004Z"}
{"level":"info","message":"Service initialization complete.","timestamp":"2018-06-05T23:16:19.008Z"}
{"level":"info","message":"Initializing express web server.","timestamp":"2018-06-05T23:16:19.012Z"}
{"message":"Cannot read property 'getAllCompanyType' of undefined","stack":"TypeError: Cannot read property 'getAllCompanyType' of undefined\n    at ssRouterFactory (E:\\My Data\\mohsi\\NewProjects\\UPWORK\\Projects\\cory_sager\\Project\\ScheduleSmart\\ssmart\\server\\routes\\api\\ss.js:15:66)\n    at module.exports (E:\\My Data\\mohsi\\NewProjects\\UPWORK\\Projects\\cory_sager\\Project\\ScheduleSmart\\ssmart\\server\\routes\\api\\index.js:17:9)\n    at routesFactory (E:\\My Data\\mohsi\\NewProjects\\UPWORK\\Projects\\cory_sager\\Project\\ScheduleSmart\\ssmart\\server\\routes\\index.js:9:24)\n    at constructExpressApp (E:\\My Data\\mohsi\\NewProjects\\UPWORK\\Projects\\cory_sager\\Project\\ScheduleSmart\\ssmart\\server\\boot\\constructExpressApp.js:70:24)\n    at <anonymous>","level":"error","timestamp":"2018-06-05T23:16:19.032Z"}
{"level":"error","message":"Failed to start Schedule Smart 1.0.0 server.","timestamp":"2018-06-05T23:16:19.036Z"}
{"level":"info","message":"Starting Schedule Smart 1.0.0 server.","timestamp":"2018-06-05T23:26:42.074Z"}
{"level":"info","message":"Starting custom Sequelize data type injection.","timestamp":"2018-06-05T23:26:42.076Z"}
{"level":"info","message":"Injecting custom Sequelize type [SMALLDATETIME].","timestamp":"2018-06-05T23:26:42.077Z"}
{"level":"info","message":"Custom Sequelize data type injection complete.","timestamp":"2018-06-05T23:26:42.078Z"}
{"level":"info","message":"Initializing models.","timestamp":"2018-06-05T23:26:42.079Z"}
{"level":"info","message":"Loading models for database [sql].","timestamp":"2018-06-05T23:26:42.079Z"}
{"level":"info","message":"Successfully loaded models for database [sql].","timestamp":"2018-06-05T23:26:42.100Z"}
{"level":"info","message":"Model initialization complete.","timestamp":"2018-06-05T23:26:42.101Z"}
{"level":"info","message":"Starting services initialization.","timestamp":"2018-06-05T23:26:42.103Z"}
{"level":"info","message":"Service initialization complete.","timestamp":"2018-06-05T23:26:42.103Z"}
{"level":"info","message":"Initializing express web server.","timestamp":"2018-06-05T23:26:42.105Z"}
{"message":"Cannot read property 'getAllCompanyType' of undefined","stack":"TypeError: Cannot read property 'getAllCompanyType' of undefined\n    at ssRouterFactory (E:\\My Data\\mohsi\\NewProjects\\UPWORK\\Projects\\cory_sager\\Project\\ScheduleSmart\\ssmart\\server\\routes\\api\\ss.js:15:66)\n    at module.exports (E:\\My Data\\mohsi\\NewProjects\\UPWORK\\Projects\\cory_sager\\Project\\ScheduleSmart\\ssmart\\server\\routes\\api\\index.js:17:9)\n    at routesFactory (E:\\My Data\\mohsi\\NewProjects\\UPWORK\\Projects\\cory_sager\\Project\\ScheduleSmart\\ssmart\\server\\routes\\index.js:9:24)\n    at constructExpressApp (E:\\My Data\\mohsi\\NewProjects\\UPWORK\\Projects\\cory_sager\\Project\\ScheduleSmart\\ssmart\\server\\boot\\constructExpressApp.js:70:24)\n    at <anonymous>","level":"error","timestamp":"2018-06-05T23:26:42.132Z"}
{"level":"error","message":"Failed to start Schedule Smart 1.0.0 server.","timestamp":"2018-06-05T23:26:42.134Z"}
{"level":"info","message":"Starting Schedule Smart 1.0.0 server.","timestamp":"2018-06-06T06:44:23.035Z"}
{"level":"info","message":"Starting custom Sequelize data type injection.","timestamp":"2018-06-06T06:44:23.038Z"}
{"level":"info","message":"Injecting custom Sequelize type [SMALLDATETIME].","timestamp":"2018-06-06T06:44:23.040Z"}
{"level":"info","message":"Custom Sequelize data type injection complete.","timestamp":"2018-06-06T06:44:23.040Z"}
{"level":"info","message":"Initializing models.","timestamp":"2018-06-06T06:44:23.041Z"}
{"level":"info","message":"Loading models for database [sql].","timestamp":"2018-06-06T06:44:23.042Z"}
{"level":"info","message":"Successfully loaded models for database [sql].","timestamp":"2018-06-06T06:44:23.153Z"}
{"level":"info","message":"Model initialization complete.","timestamp":"2018-06-06T06:44:23.154Z"}
{"level":"info","message":"Starting services initialization.","timestamp":"2018-06-06T06:44:23.154Z"}
{"level":"info","message":"Service initialization complete.","timestamp":"2018-06-06T06:44:23.156Z"}
{"level":"info","message":"Initializing express web server.","timestamp":"2018-06-06T06:44:23.156Z"}
{"message":"Cannot read property 'getAllCompanyType' of undefined","stack":"TypeError: Cannot read property 'getAllCompanyType' of undefined\n    at ssRouterFactory (E:\\My Data\\mohsi\\NewProjects\\UPWORK\\Projects\\cory_sager\\Project\\ScheduleSmart\\ssmart\\server\\routes\\api\\ss.js:15:66)\n    at module.exports (E:\\My Data\\mohsi\\NewProjects\\UPWORK\\Projects\\cory_sager\\Project\\ScheduleSmart\\ssmart\\server\\routes\\api\\index.js:17:9)\n    at routesFactory (E:\\My Data\\mohsi\\NewProjects\\UPWORK\\Projects\\cory_sager\\Project\\ScheduleSmart\\ssmart\\server\\routes\\index.js:9:24)\n    at constructExpressApp (E:\\My Data\\mohsi\\NewProjects\\UPWORK\\Projects\\cory_sager\\Project\\ScheduleSmart\\ssmart\\server\\boot\\constructExpressApp.js:70:24)\n    at <anonymous>","level":"error","timestamp":"2018-06-06T06:44:23.193Z"}
{"level":"error","message":"Failed to start Schedule Smart 1.0.0 server.","timestamp":"2018-06-06T06:44:23.193Z"}
{"level":"info","message":"Starting Schedule Smart 1.0.0 server.","timestamp":"2018-06-06T06:46:00.319Z"}
{"level":"info","message":"Starting custom Sequelize data type injection.","timestamp":"2018-06-06T06:46:00.320Z"}
{"level":"info","message":"Injecting custom Sequelize type [SMALLDATETIME].","timestamp":"2018-06-06T06:46:00.321Z"}
{"level":"info","message":"Custom Sequelize data type injection complete.","timestamp":"2018-06-06T06:46:00.321Z"}
{"level":"info","message":"Initializing models.","timestamp":"2018-06-06T06:46:00.322Z"}
{"level":"info","message":"Loading models for database [sql].","timestamp":"2018-06-06T06:46:00.322Z"}
{"level":"info","message":"Successfully loaded models for database [sql].","timestamp":"2018-06-06T06:46:00.340Z"}
{"level":"info","message":"Model initialization complete.","timestamp":"2018-06-06T06:46:00.341Z"}
{"level":"info","message":"Starting services initialization.","timestamp":"2018-06-06T06:46:00.341Z"}
{"level":"info","message":"Service initialization complete.","timestamp":"2018-06-06T06:46:00.342Z"}
{"level":"info","message":"Initializing express web server.","timestamp":"2018-06-06T06:46:00.343Z"}
{"message":"Cannot read property 'serveSite' of undefined","stack":"TypeError: Cannot read property 'serveSite' of undefined\n    at routesFactory (E:\\My Data\\mohsi\\NewProjects\\UPWORK\\Projects\\cory_sager\\Project\\ScheduleSmart\\ssmart\\server\\routes\\index.js:11:36)\n    at constructExpressApp (E:\\My Data\\mohsi\\NewProjects\\UPWORK\\Projects\\cory_sager\\Project\\ScheduleSmart\\ssmart\\server\\boot\\constructExpressApp.js:70:24)\n    at <anonymous>","level":"error","timestamp":"2018-06-06T06:46:00.364Z"}
{"level":"error","message":"Failed to start Schedule Smart 1.0.0 server.","timestamp":"2018-06-06T06:46:00.364Z"}
{"level":"info","message":"Starting Schedule Smart 1.0.0 server.","timestamp":"2018-06-06T06:47:44.613Z"}
{"level":"info","message":"Starting custom Sequelize data type injection.","timestamp":"2018-06-06T06:47:44.615Z"}
{"level":"info","message":"Injecting custom Sequelize type [SMALLDATETIME].","timestamp":"2018-06-06T06:47:44.616Z"}
{"level":"info","message":"Custom Sequelize data type injection complete.","timestamp":"2018-06-06T06:47:44.616Z"}
{"level":"info","message":"Initializing models.","timestamp":"2018-06-06T06:47:44.616Z"}
{"level":"info","message":"Loading models for database [sql].","timestamp":"2018-06-06T06:47:44.620Z"}
{"level":"info","message":"Successfully loaded models for database [sql].","timestamp":"2018-06-06T06:47:44.639Z"}
{"level":"info","message":"Model initialization complete.","timestamp":"2018-06-06T06:47:44.639Z"}
{"level":"info","message":"Starting services initialization.","timestamp":"2018-06-06T06:47:44.640Z"}
{"level":"info","message":"Service initialization complete.","timestamp":"2018-06-06T06:47:44.640Z"}
{"level":"info","message":"Initializing express web server.","timestamp":"2018-06-06T06:47:44.641Z"}
{"message":"Cannot read property 'ensureAuthenticated' of undefined","stack":"TypeError: Cannot read property 'ensureAuthenticated' of undefined\n    at module.exports (E:\\My Data\\mohsi\\NewProjects\\UPWORK\\Projects\\cory_sager\\Project\\ScheduleSmart\\ssmart\\server\\routes\\api\\index.js:16:32)\n    at routesFactory (E:\\My Data\\mohsi\\NewProjects\\UPWORK\\Projects\\cory_sager\\Project\\ScheduleSmart\\ssmart\\server\\routes\\index.js:9:24)\n    at constructExpressApp (E:\\My Data\\mohsi\\NewProjects\\UPWORK\\Projects\\cory_sager\\Project\\ScheduleSmart\\ssmart\\server\\boot\\constructExpressApp.js:70:24)\n    at <anonymous>","level":"error","timestamp":"2018-06-06T06:47:44.689Z"}
{"level":"error","message":"Failed to start Schedule Smart 1.0.0 server.","timestamp":"2018-06-06T06:47:44.690Z"}
{"level":"info","message":"Starting Schedule Smart 1.0.0 server.","timestamp":"2018-06-06T06:48:11.426Z"}
{"level":"info","message":"Starting custom Sequelize data type injection.","timestamp":"2018-06-06T06:48:11.428Z"}
{"level":"info","message":"Injecting custom Sequelize type [SMALLDATETIME].","timestamp":"2018-06-06T06:48:11.429Z"}
{"level":"info","message":"Custom Sequelize data type injection complete.","timestamp":"2018-06-06T06:48:11.429Z"}
{"level":"info","message":"Initializing models.","timestamp":"2018-06-06T06:48:11.430Z"}
{"level":"info","message":"Loading models for database [sql].","timestamp":"2018-06-06T06:48:11.431Z"}
{"level":"info","message":"Successfully loaded models for database [sql].","timestamp":"2018-06-06T06:48:11.448Z"}
{"level":"info","message":"Model initialization complete.","timestamp":"2018-06-06T06:48:11.449Z"}
{"level":"info","message":"Starting services initialization.","timestamp":"2018-06-06T06:48:11.449Z"}
{"level":"info","message":"Service initialization complete.","timestamp":"2018-06-06T06:48:11.450Z"}
{"level":"info","message":"Initializing express web server.","timestamp":"2018-06-06T06:48:11.451Z"}
{"message":"Router.use() requires a middleware function but got a Null","stack":"TypeError: Router.use() requires a middleware function but got a Null\n    at Function.use (E:\\My Data\\mohsi\\NewProjects\\UPWORK\\Projects\\cory_sager\\Project\\ScheduleSmart\\ssmart\\node_modules\\express\\lib\\router\\index.js:458:13)\n    at module.exports (E:\\My Data\\mohsi\\NewProjects\\UPWORK\\Projects\\cory_sager\\Project\\ScheduleSmart\\ssmart\\server\\routes\\api\\index.js:14:12)\n    at routesFactory (E:\\My Data\\mohsi\\NewProjects\\UPWORK\\Projects\\cory_sager\\Project\\ScheduleSmart\\ssmart\\server\\routes\\index.js:9:24)\n    at constructExpressApp (E:\\My Data\\mohsi\\NewProjects\\UPWORK\\Projects\\cory_sager\\Project\\ScheduleSmart\\ssmart\\server\\boot\\constructExpressApp.js:70:24)\n    at <anonymous>","level":"error","timestamp":"2018-06-06T06:48:11.479Z"}
{"level":"error","message":"Failed to start Schedule Smart 1.0.0 server.","timestamp":"2018-06-06T06:48:11.480Z"}
{"level":"info","message":"Starting Schedule Smart 1.0.0 server.","timestamp":"2018-06-06T06:48:36.715Z"}
{"level":"info","message":"Starting custom Sequelize data type injection.","timestamp":"2018-06-06T06:48:36.716Z"}
{"level":"info","message":"Injecting custom Sequelize type [SMALLDATETIME].","timestamp":"2018-06-06T06:48:36.717Z"}
{"level":"info","message":"Custom Sequelize data type injection complete.","timestamp":"2018-06-06T06:48:36.717Z"}
{"level":"info","message":"Initializing models.","timestamp":"2018-06-06T06:48:36.717Z"}
{"level":"info","message":"Loading models for database [sql].","timestamp":"2018-06-06T06:48:36.718Z"}
{"level":"info","message":"Successfully loaded models for database [sql].","timestamp":"2018-06-06T06:48:36.737Z"}
{"level":"info","message":"Model initialization complete.","timestamp":"2018-06-06T06:48:36.738Z"}
{"level":"info","message":"Starting services initialization.","timestamp":"2018-06-06T06:48:36.738Z"}
{"level":"info","message":"Service initialization complete.","timestamp":"2018-06-06T06:48:36.739Z"}
{"level":"info","message":"Initializing express web server.","timestamp":"2018-06-06T06:48:36.739Z"}
{"message":"Router.use() requires a middleware function but got a undefined","stack":"TypeError: Router.use() requires a middleware function but got a undefined\n    at Function.use (E:\\My Data\\mohsi\\NewProjects\\UPWORK\\Projects\\cory_sager\\Project\\ScheduleSmart\\ssmart\\node_modules\\express\\lib\\router\\index.js:458:13)\n    at module.exports (E:\\My Data\\mohsi\\NewProjects\\UPWORK\\Projects\\cory_sager\\Project\\ScheduleSmart\\ssmart\\server\\routes\\api\\index.js:14:12)\n    at routesFactory (E:\\My Data\\mohsi\\NewProjects\\UPWORK\\Projects\\cory_sager\\Project\\ScheduleSmart\\ssmart\\server\\routes\\index.js:9:24)\n    at constructExpressApp (E:\\My Data\\mohsi\\NewProjects\\UPWORK\\Projects\\cory_sager\\Project\\ScheduleSmart\\ssmart\\server\\boot\\constructExpressApp.js:70:24)\n    at <anonymous>","level":"error","timestamp":"2018-06-06T06:48:36.775Z"}
{"level":"error","message":"Failed to start Schedule Smart 1.0.0 server.","timestamp":"2018-06-06T06:48:36.776Z"}
{"level":"info","message":"Starting Schedule Smart 1.0.0 server.","timestamp":"2018-06-06T06:48:54.030Z"}
{"level":"info","message":"Starting custom Sequelize data type injection.","timestamp":"2018-06-06T06:48:54.031Z"}
{"level":"info","message":"Injecting custom Sequelize type [SMALLDATETIME].","timestamp":"2018-06-06T06:48:54.032Z"}
{"level":"info","message":"Custom Sequelize data type injection complete.","timestamp":"2018-06-06T06:48:54.033Z"}
{"level":"info","message":"Initializing models.","timestamp":"2018-06-06T06:48:54.033Z"}
{"level":"info","message":"Loading models for database [sql].","timestamp":"2018-06-06T06:48:54.034Z"}
{"level":"info","message":"Successfully loaded models for database [sql].","timestamp":"2018-06-06T06:48:54.053Z"}
{"level":"info","message":"Model initialization complete.","timestamp":"2018-06-06T06:48:54.053Z"}
{"level":"info","message":"Starting services initialization.","timestamp":"2018-06-06T06:48:54.054Z"}
{"level":"info","message":"Service initialization complete.","timestamp":"2018-06-06T06:48:54.054Z"}
{"level":"info","message":"Initializing express web server.","timestamp":"2018-06-06T06:48:54.055Z"}
{"message":"Router.use() requires a middleware function but got a Object","stack":"TypeError: Router.use() requires a middleware function but got a Object\n    at Function.use (E:\\My Data\\mohsi\\NewProjects\\UPWORK\\Projects\\cory_sager\\Project\\ScheduleSmart\\ssmart\\node_modules\\express\\lib\\router\\index.js:458:13)\n    at module.exports (E:\\My Data\\mohsi\\NewProjects\\UPWORK\\Projects\\cory_sager\\Project\\ScheduleSmart\\ssmart\\server\\routes\\api\\index.js:14:12)\n    at routesFactory (E:\\My Data\\mohsi\\NewProjects\\UPWORK\\Projects\\cory_sager\\Project\\ScheduleSmart\\ssmart\\server\\routes\\index.js:9:24)\n    at constructExpressApp (E:\\My Data\\mohsi\\NewProjects\\UPWORK\\Projects\\cory_sager\\Project\\ScheduleSmart\\ssmart\\server\\boot\\constructExpressApp.js:70:24)\n    at <anonymous>","level":"error","timestamp":"2018-06-06T06:48:54.088Z"}
{"level":"error","message":"Failed to start Schedule Smart 1.0.0 server.","timestamp":"2018-06-06T06:48:54.090Z"}
{"level":"info","message":"Starting Schedule Smart 1.0.0 server.","timestamp":"2018-06-06T06:49:17.426Z"}
{"level":"info","message":"Starting custom Sequelize data type injection.","timestamp":"2018-06-06T06:49:17.429Z"}
{"level":"info","message":"Injecting custom Sequelize type [SMALLDATETIME].","timestamp":"2018-06-06T06:49:17.429Z"}
{"level":"info","message":"Custom Sequelize data type injection complete.","timestamp":"2018-06-06T06:49:17.430Z"}
{"level":"info","message":"Initializing models.","timestamp":"2018-06-06T06:49:17.431Z"}
{"level":"info","message":"Loading models for database [sql].","timestamp":"2018-06-06T06:49:17.431Z"}
{"level":"info","message":"Successfully loaded models for database [sql].","timestamp":"2018-06-06T06:49:17.458Z"}
{"level":"info","message":"Model initialization complete.","timestamp":"2018-06-06T06:49:17.459Z"}
{"level":"info","message":"Starting services initialization.","timestamp":"2018-06-06T06:49:17.460Z"}
{"level":"info","message":"Service initialization complete.","timestamp":"2018-06-06T06:49:17.460Z"}
{"level":"info","message":"Initializing express web server.","timestamp":"2018-06-06T06:49:17.461Z"}
{"message":"Cannot read property 'serveSite' of undefined","stack":"TypeError: Cannot read property 'serveSite' of undefined\n    at routesFactory (E:\\My Data\\mohsi\\NewProjects\\UPWORK\\Projects\\cory_sager\\Project\\ScheduleSmart\\ssmart\\server\\routes\\index.js:11:36)\n    at constructExpressApp (E:\\My Data\\mohsi\\NewProjects\\UPWORK\\Projects\\cory_sager\\Project\\ScheduleSmart\\ssmart\\server\\boot\\constructExpressApp.js:70:24)\n    at <anonymous>","level":"error","timestamp":"2018-06-06T06:49:17.517Z"}
{"level":"error","message":"Failed to start Schedule Smart 1.0.0 server.","timestamp":"2018-06-06T06:49:17.518Z"}
{"level":"info","message":"Starting Schedule Smart 1.0.0 server.","timestamp":"2018-06-06T06:50:31.704Z"}
{"level":"info","message":"Starting custom Sequelize data type injection.","timestamp":"2018-06-06T06:50:31.707Z"}
{"level":"info","message":"Injecting custom Sequelize type [SMALLDATETIME].","timestamp":"2018-06-06T06:50:31.710Z"}
{"level":"info","message":"Custom Sequelize data type injection complete.","timestamp":"2018-06-06T06:50:31.712Z"}
{"level":"info","message":"Initializing models.","timestamp":"2018-06-06T06:50:31.713Z"}
{"level":"info","message":"Loading models for database [sql].","timestamp":"2018-06-06T06:50:31.714Z"}
{"level":"info","message":"Successfully loaded models for database [sql].","timestamp":"2018-06-06T06:50:31.733Z"}
{"level":"info","message":"Model initialization complete.","timestamp":"2018-06-06T06:50:31.734Z"}
{"level":"info","message":"Starting services initialization.","timestamp":"2018-06-06T06:50:31.735Z"}
{"level":"info","message":"Service initialization complete.","timestamp":"2018-06-06T06:50:31.735Z"}
{"level":"info","message":"Initializing express web server.","timestamp":"2018-06-06T06:50:31.736Z"}
{"level":"info","message":"Express web server initialized.","timestamp":"2018-06-06T06:50:31.778Z"}
{"level":"info","message":"Starting express web server.","timestamp":"2018-06-06T06:50:31.778Z"}
{"level":"info","message":"Express web server started.","timestamp":"2018-06-06T06:50:31.793Z"}
{"logging":"debug","port":3000,"level":"info","message":"Schedule Smart 1.0.0 server started.","timestamp":"2018-06-06T06:50:31.797Z"}
{"level":"info","message":"\u001b[0mGET / \u001b[31m500 \u001b[0m34.487 ms - -\u001b[0m\n","timestamp":"2018-06-06T06:51:29.555Z"}
{"level":"info","message":"\u001b[0mGET /favicon.ico \u001b[31m500 \u001b[0m1.498 ms - -\u001b[0m\n","timestamp":"2018-06-06T06:51:30.028Z"}
{"level":"info","message":"\u001b[0mGET /api/companytype \u001b[31m500 \u001b[0m1.670 ms - -\u001b[0m\n","timestamp":"2018-06-06T06:51:40.661Z"}
{"level":"info","message":"\u001b[0mGET /favicon.ico \u001b[31m500 \u001b[0m1.414 ms - -\u001b[0m\n","timestamp":"2018-06-06T06:51:40.812Z"}
{"level":"info","message":"\u001b[0mGET /api/companytype \u001b[31m500 \u001b[0m1.537 ms - -\u001b[0m\n","timestamp":"2018-06-06T06:59:08.317Z"}
{"level":"info","message":"\u001b[0mGET /favicon.ico \u001b[31m500 \u001b[0m1.018 ms - -\u001b[0m\n","timestamp":"2018-06-06T06:59:08.557Z"}
{"level":"info","message":"\u001b[0mGET /api/companytype \u001b[31m500 \u001b[0m0.745 ms - -\u001b[0m\n","timestamp":"2018-06-06T06:59:23.324Z"}
{"level":"info","message":"\u001b[0mGET /favicon.ico \u001b[31m500 \u001b[0m2.512 ms - -\u001b[0m\n","timestamp":"2018-06-06T06:59:23.488Z"}
{"level":"info","message":"Starting Schedule Smart 1.0.0 server.","timestamp":"2018-06-06T07:02:29.042Z"}
{"level":"info","message":"Starting custom Sequelize data type injection.","timestamp":"2018-06-06T07:02:29.043Z"}
{"level":"info","message":"Injecting custom Sequelize type [SMALLDATETIME].","timestamp":"2018-06-06T07:02:29.044Z"}
{"level":"info","message":"Custom Sequelize data type injection complete.","timestamp":"2018-06-06T07:02:29.044Z"}
{"level":"info","message":"Initializing models.","timestamp":"2018-06-06T07:02:29.045Z"}
{"level":"info","message":"Loading models for database [sql].","timestamp":"2018-06-06T07:02:29.045Z"}
{"level":"info","message":"Successfully loaded models for database [sql].","timestamp":"2018-06-06T07:02:29.063Z"}
{"level":"info","message":"Model initialization complete.","timestamp":"2018-06-06T07:02:29.063Z"}
{"level":"info","message":"Starting services initialization.","timestamp":"2018-06-06T07:02:29.064Z"}
{"level":"info","message":"Service initialization complete.","timestamp":"2018-06-06T07:02:29.065Z"}
{"level":"info","message":"Initializing express web server.","timestamp":"2018-06-06T07:02:29.065Z"}
{"level":"info","message":"Express web server initialized.","timestamp":"2018-06-06T07:02:29.088Z"}
{"level":"info","message":"Starting express web server.","timestamp":"2018-06-06T07:02:29.089Z"}
{"level":"info","message":"Express web server started.","timestamp":"2018-06-06T07:02:29.104Z"}
{"logging":"debug","port":3000,"level":"info","message":"Schedule Smart 1.0.0 server started.","timestamp":"2018-06-06T07:02:29.107Z"}
{"level":"info","message":"\u001b[0mGET /api/companytype \u001b[31m500 \u001b[0m14.671 ms - -\u001b[0m\n","timestamp":"2018-06-06T07:02:44.368Z"}
{"level":"info","message":"\u001b[0mGET /favicon.ico \u001b[31m500 \u001b[0m2.479 ms - -\u001b[0m\n","timestamp":"2018-06-06T07:02:44.590Z"}
{"level":"info","message":"\u001b[0mGET /api/companytype \u001b[31m500 \u001b[0m2.144 ms - -\u001b[0m\n","timestamp":"2018-06-06T07:07:42.195Z"}
{"level":"info","message":"\u001b[0mGET /favicon.ico \u001b[31m500 \u001b[0m2.123 ms - -\u001b[0m\n","timestamp":"2018-06-06T07:07:42.445Z"}
{"level":"info","message":"Starting Schedule Smart 1.0.0 server.","timestamp":"2018-06-06T07:21:33.870Z"}
{"level":"info","message":"Starting custom Sequelize data type injection.","timestamp":"2018-06-06T07:21:33.873Z"}
{"level":"info","message":"Injecting custom Sequelize type [SMALLDATETIME].","timestamp":"2018-06-06T07:21:33.873Z"}
{"level":"info","message":"Custom Sequelize data type injection complete.","timestamp":"2018-06-06T07:21:33.873Z"}
{"level":"info","message":"Initializing models.","timestamp":"2018-06-06T07:21:33.874Z"}
{"level":"info","message":"Loading models for database [sql].","timestamp":"2018-06-06T07:21:33.874Z"}
{"level":"info","message":"Successfully loaded models for database [sql].","timestamp":"2018-06-06T07:21:33.922Z"}
{"level":"info","message":"Model initialization complete.","timestamp":"2018-06-06T07:21:33.923Z"}
{"level":"info","message":"Starting services initialization.","timestamp":"2018-06-06T07:21:33.923Z"}
{"level":"info","message":"Service initialization complete.","timestamp":"2018-06-06T07:21:33.924Z"}
{"level":"info","message":"Initializing express web server.","timestamp":"2018-06-06T07:21:33.924Z"}
{"level":"info","message":"Express web server initialized.","timestamp":"2018-06-06T07:21:33.958Z"}
{"level":"info","message":"Starting express web server.","timestamp":"2018-06-06T07:21:33.960Z"}
{"level":"info","message":"Express web server started.","timestamp":"2018-06-06T07:21:34.011Z"}
{"logging":"debug","port":3000,"level":"info","message":"Schedule Smart 1.0.0 server started.","timestamp":"2018-06-06T07:21:34.036Z"}
{"level":"info","message":"\u001b[0mGET /api/companytype \u001b[33m404 \u001b[0m18.404 ms - 154\u001b[0m\n","timestamp":"2018-06-06T07:21:37.458Z"}
{"level":"info","message":"\u001b[0mGET /favicon.ico \u001b[33m404 \u001b[0m1.880 ms - 150\u001b[0m\n","timestamp":"2018-06-06T07:21:37.846Z"}
{"level":"info","message":"\u001b[0mGET /api/ss/companytype \u001b[33m404 \u001b[0m3.038 ms - 157\u001b[0m\n","timestamp":"2018-06-06T07:22:07.423Z"}
{"message":"Failed to connect to DESKTOP-7LKJK96\\MOHSIN:1433 - getaddrinfo ENOTFOUND DESKTOP-7LKJK96\\MOHSIN","stack":"SequelizeHostNotFoundError: Failed to connect to DESKTOP-7LKJK96\\MOHSIN:1433 - getaddrinfo ENOTFOUND DESKTOP-7LKJK96\\MOHSIN\n    at Connection.connection.on.err (E:\\My Data\\mohsi\\NewProjects\\UPWORK\\Projects\\cory_sager\\Project\\ScheduleSmart\\ssmart\\node_modules\\sequelize\\lib\\dialects\\mssql\\connection-manager.js:98:22)\n    at Connection.emit (events.js:127:13)\n    at Connection.socketError (E:\\My Data\\mohsi\\NewProjects\\UPWORK\\Projects\\cory_sager\\Project\\ScheduleSmart\\ssmart\\node_modules\\tedious\\lib\\connection.js:875:14)\n    at E:\\My Data\\mohsi\\NewProjects\\UPWORK\\Projects\\cory_sager\\Project\\ScheduleSmart\\ssmart\\node_modules\\tedious\\lib\\connection.js:740:25\n    at GetAddrInfoReqWrap.callback (E:\\My Data\\mohsi\\NewProjects\\UPWORK\\Projects\\cory_sager\\Project\\ScheduleSmart\\ssmart\\node_modules\\tedious\\lib\\connector.js:68:18)\n    at GetAddrInfoReqWrap.onlookupall [as oncomplete] (dns.js:79:17)","name":"SequelizeHostNotFoundError","parent":{"message":"Failed to connect to DESKTOP-7LKJK96\\MOHSIN:1433 - getaddrinfo ENOTFOUND DESKTOP-7LKJK96\\MOHSIN","code":"ESOCKET"},"original":{"message":"Failed to connect to DESKTOP-7LKJK96\\MOHSIN:1433 - getaddrinfo ENOTFOUND DESKTOP-7LKJK96\\MOHSIN","code":"ESOCKET"},"level":"error","timestamp":"2018-06-06T07:22:12.506Z"}
{"level":"info","message":"\u001b[0mGET /api/ss/companyTypes \u001b[31m500 \u001b[0m50.684 ms - -\u001b[0m\n","timestamp":"2018-06-06T07:22:12.523Z"}
{"message":"Failed to connect to DESKTOP-7LKJK96\\MOHSIN:1433 - getaddrinfo ENOTFOUND DESKTOP-7LKJK96\\MOHSIN","stack":"SequelizeHostNotFoundError: Failed to connect to DESKTOP-7LKJK96\\MOHSIN:1433 - getaddrinfo ENOTFOUND DESKTOP-7LKJK96\\MOHSIN\n    at Connection.connection.on.err (E:\\My Data\\mohsi\\NewProjects\\UPWORK\\Projects\\cory_sager\\Project\\ScheduleSmart\\ssmart\\node_modules\\sequelize\\lib\\dialects\\mssql\\connection-manager.js:98:22)\n    at Connection.emit (events.js:127:13)\n    at Connection.socketError (E:\\My Data\\mohsi\\NewProjects\\UPWORK\\Projects\\cory_sager\\Project\\ScheduleSmart\\ssmart\\node_modules\\tedious\\lib\\connection.js:875:14)\n    at E:\\My Data\\mohsi\\NewProjects\\UPWORK\\Projects\\cory_sager\\Project\\ScheduleSmart\\ssmart\\node_modules\\tedious\\lib\\connection.js:740:25\n    at GetAddrInfoReqWrap.callback (E:\\My Data\\mohsi\\NewProjects\\UPWORK\\Projects\\cory_sager\\Project\\ScheduleSmart\\ssmart\\node_modules\\tedious\\lib\\connector.js:68:18)\n    at GetAddrInfoReqWrap.onlookupall [as oncomplete] (dns.js:79:17)","name":"SequelizeHostNotFoundError","parent":{"message":"Failed to connect to DESKTOP-7LKJK96\\MOHSIN:1433 - getaddrinfo ENOTFOUND DESKTOP-7LKJK96\\MOHSIN","code":"ESOCKET"},"original":{"message":"Failed to connect to DESKTOP-7LKJK96\\MOHSIN:1433 - getaddrinfo ENOTFOUND DESKTOP-7LKJK96\\MOHSIN","code":"ESOCKET"},"level":"error","timestamp":"2018-06-06T07:25:11.339Z"}
{"level":"info","message":"\u001b[0mGET /api/ss/companyTypes \u001b[31m500 \u001b[0m8.385 ms - -\u001b[0m\n","timestamp":"2018-06-06T07:25:11.344Z"}
{"level":"info","message":"\u001b[0mGET /api/companyTypes \u001b[33m404 \u001b[0m1.991 ms - 155\u001b[0m\n","timestamp":"2018-06-06T07:25:15.348Z"}
{"message":"Failed to connect to DESKTOP-7LKJK96\\MOHSIN:1433 - getaddrinfo ENOTFOUND DESKTOP-7LKJK96\\MOHSIN","stack":"SequelizeHostNotFoundError: Failed to connect to DESKTOP-7LKJK96\\MOHSIN:1433 - getaddrinfo ENOTFOUND DESKTOP-7LKJK96\\MOHSIN\n    at Connection.connection.on.err (E:\\My Data\\mohsi\\NewProjects\\UPWORK\\Projects\\cory_sager\\Project\\ScheduleSmart\\ssmart\\node_modules\\sequelize\\lib\\dialects\\mssql\\connection-manager.js:98:22)\n    at Connection.emit (events.js:127:13)\n    at Connection.socketError (E:\\My Data\\mohsi\\NewProjects\\UPWORK\\Projects\\cory_sager\\Project\\ScheduleSmart\\ssmart\\node_modules\\tedious\\lib\\connection.js:875:14)\n    at E:\\My Data\\mohsi\\NewProjects\\UPWORK\\Projects\\cory_sager\\Project\\ScheduleSmart\\ssmart\\node_modules\\tedious\\lib\\connection.js:740:25\n    at GetAddrInfoReqWrap.callback (E:\\My Data\\mohsi\\NewProjects\\UPWORK\\Projects\\cory_sager\\Project\\ScheduleSmart\\ssmart\\node_modules\\tedious\\lib\\connector.js:68:18)\n    at GetAddrInfoReqWrap.onlookupall [as oncomplete] (dns.js:79:17)","name":"SequelizeHostNotFoundError","parent":{"message":"Failed to connect to DESKTOP-7LKJK96\\MOHSIN:1433 - getaddrinfo ENOTFOUND DESKTOP-7LKJK96\\MOHSIN","code":"ESOCKET"},"original":{"message":"Failed to connect to DESKTOP-7LKJK96\\MOHSIN:1433 - getaddrinfo ENOTFOUND DESKTOP-7LKJK96\\MOHSIN","code":"ESOCKET"},"level":"error","timestamp":"2018-06-06T07:26:39.865Z"}
{"level":"info","message":"\u001b[0mGET /api/ss/companyTypes \u001b[31m500 \u001b[0m8.869 ms - -\u001b[0m\n","timestamp":"2018-06-06T07:26:39.869Z"}
{"level":"info","message":"\u001b[0mGET /api/companyTypes \u001b[33m404 \u001b[0m2.111 ms - 155\u001b[0m\n","timestamp":"2018-06-06T07:27:00.084Z"}
{"message":"Failed to connect to DESKTOP-7LKJK96\\MOHSIN:1433 - getaddrinfo ENOTFOUND DESKTOP-7LKJK96\\MOHSIN","stack":"SequelizeHostNotFoundError: Failed to connect to DESKTOP-7LKJK96\\MOHSIN:1433 - getaddrinfo ENOTFOUND DESKTOP-7LKJK96\\MOHSIN\n    at Connection.connection.on.err (E:\\My Data\\mohsi\\NewProjects\\UPWORK\\Projects\\cory_sager\\Project\\ScheduleSmart\\ssmart\\node_modules\\sequelize\\lib\\dialects\\mssql\\connection-manager.js:98:22)\n    at Connection.emit (events.js:127:13)\n    at Connection.socketError (E:\\My Data\\mohsi\\NewProjects\\UPWORK\\Projects\\cory_sager\\Project\\ScheduleSmart\\ssmart\\node_modules\\tedious\\lib\\connection.js:875:14)\n    at E:\\My Data\\mohsi\\NewProjects\\UPWORK\\Projects\\cory_sager\\Project\\ScheduleSmart\\ssmart\\node_modules\\tedious\\lib\\connection.js:740:25\n    at GetAddrInfoReqWrap.callback (E:\\My Data\\mohsi\\NewProjects\\UPWORK\\Projects\\cory_sager\\Project\\ScheduleSmart\\ssmart\\node_modules\\tedious\\lib\\connector.js:68:18)\n    at GetAddrInfoReqWrap.onlookupall [as oncomplete] (dns.js:79:17)","name":"SequelizeHostNotFoundError","parent":{"message":"Failed to connect to DESKTOP-7LKJK96\\MOHSIN:1433 - getaddrinfo ENOTFOUND DESKTOP-7LKJK96\\MOHSIN","code":"ESOCKET"},"original":{"message":"Failed to connect to DESKTOP-7LKJK96\\MOHSIN:1433 - getaddrinfo ENOTFOUND DESKTOP-7LKJK96\\MOHSIN","code":"ESOCKET"},"level":"error","timestamp":"2018-06-06T07:27:24.236Z"}
{"level":"info","message":"\u001b[0mGET /api/ss/companyTypes \u001b[31m500 \u001b[0m4.531 ms - -\u001b[0m\n","timestamp":"2018-06-06T07:27:24.236Z"}
{"message":"Failed to connect to DESKTOP-7LKJK96\\MOHSIN:1433 - getaddrinfo ENOTFOUND DESKTOP-7LKJK96\\MOHSIN","stack":"SequelizeHostNotFoundError: Failed to connect to DESKTOP-7LKJK96\\MOHSIN:1433 - getaddrinfo ENOTFOUND DESKTOP-7LKJK96\\MOHSIN\n    at Connection.connection.on.err (E:\\My Data\\mohsi\\NewProjects\\UPWORK\\Projects\\cory_sager\\Project\\ScheduleSmart\\ssmart\\node_modules\\sequelize\\lib\\dialects\\mssql\\connection-manager.js:98:22)\n    at Connection.emit (events.js:127:13)\n    at Connection.socketError (E:\\My Data\\mohsi\\NewProjects\\UPWORK\\Projects\\cory_sager\\Project\\ScheduleSmart\\ssmart\\node_modules\\tedious\\lib\\connection.js:875:14)\n    at E:\\My Data\\mohsi\\NewProjects\\UPWORK\\Projects\\cory_sager\\Project\\ScheduleSmart\\ssmart\\node_modules\\tedious\\lib\\connection.js:740:25\n    at GetAddrInfoReqWrap.callback (E:\\My Data\\mohsi\\NewProjects\\UPWORK\\Projects\\cory_sager\\Project\\ScheduleSmart\\ssmart\\node_modules\\tedious\\lib\\connector.js:68:18)\n    at GetAddrInfoReqWrap.onlookupall [as oncomplete] (dns.js:79:17)","name":"SequelizeHostNotFoundError","parent":{"message":"Failed to connect to DESKTOP-7LKJK96\\MOHSIN:1433 - getaddrinfo ENOTFOUND DESKTOP-7LKJK96\\MOHSIN","code":"ESOCKET"},"original":{"message":"Failed to connect to DESKTOP-7LKJK96\\MOHSIN:1433 - getaddrinfo ENOTFOUND DESKTOP-7LKJK96\\MOHSIN","code":"ESOCKET"},"level":"error","timestamp":"2018-06-06T07:28:25.707Z"}
{"level":"info","message":"\u001b[0mGET /api/ss/companyTypes \u001b[31m500 \u001b[0m4.031 ms - -\u001b[0m\n","timestamp":"2018-06-06T07:28:25.711Z"}
{"message":"Failed to connect to DESKTOP-7LKJK96\\MOHSIN:1433 - getaddrinfo ENOTFOUND DESKTOP-7LKJK96\\MOHSIN","stack":"SequelizeHostNotFoundError: Failed to connect to DESKTOP-7LKJK96\\MOHSIN:1433 - getaddrinfo ENOTFOUND DESKTOP-7LKJK96\\MOHSIN\n    at Connection.connection.on.err (E:\\My Data\\mohsi\\NewProjects\\UPWORK\\Projects\\cory_sager\\Project\\ScheduleSmart\\ssmart\\node_modules\\sequelize\\lib\\dialects\\mssql\\connection-manager.js:98:22)\n    at Connection.emit (events.js:127:13)\n    at Connection.socketError (E:\\My Data\\mohsi\\NewProjects\\UPWORK\\Projects\\cory_sager\\Project\\ScheduleSmart\\ssmart\\node_modules\\tedious\\lib\\connection.js:875:14)\n    at E:\\My Data\\mohsi\\NewProjects\\UPWORK\\Projects\\cory_sager\\Project\\ScheduleSmart\\ssmart\\node_modules\\tedious\\lib\\connection.js:740:25\n    at GetAddrInfoReqWrap.callback (E:\\My Data\\mohsi\\NewProjects\\UPWORK\\Projects\\cory_sager\\Project\\ScheduleSmart\\ssmart\\node_modules\\tedious\\lib\\connector.js:68:18)\n    at GetAddrInfoReqWrap.onlookupall [as oncomplete] (dns.js:79:17)","name":"SequelizeHostNotFoundError","parent":{"message":"Failed to connect to DESKTOP-7LKJK96\\MOHSIN:1433 - getaddrinfo ENOTFOUND DESKTOP-7LKJK96\\MOHSIN","code":"ESOCKET"},"original":{"message":"Failed to connect to DESKTOP-7LKJK96\\MOHSIN:1433 - getaddrinfo ENOTFOUND DESKTOP-7LKJK96\\MOHSIN","code":"ESOCKET"},"level":"error","timestamp":"2018-06-06T07:28:44.753Z"}
{"level":"info","message":"\u001b[0mGET /api/ss/companyTypes \u001b[31m500 \u001b[0m5.924 ms - -\u001b[0m\n","timestamp":"2018-06-06T07:28:44.753Z"}
{"message":"Failed to connect to DESKTOP-7LKJK96\\MOHSIN:1433 - getaddrinfo ENOTFOUND DESKTOP-7LKJK96\\MOHSIN","stack":"SequelizeHostNotFoundError: Failed to connect to DESKTOP-7LKJK96\\MOHSIN:1433 - getaddrinfo ENOTFOUND DESKTOP-7LKJK96\\MOHSIN\n    at Connection.connection.on.err (E:\\My Data\\mohsi\\NewProjects\\UPWORK\\Projects\\cory_sager\\Project\\ScheduleSmart\\ssmart\\node_modules\\sequelize\\lib\\dialects\\mssql\\connection-manager.js:98:22)\n    at Connection.emit (events.js:127:13)\n    at Connection.socketError (E:\\My Data\\mohsi\\NewProjects\\UPWORK\\Projects\\cory_sager\\Project\\ScheduleSmart\\ssmart\\node_modules\\tedious\\lib\\connection.js:875:14)\n    at E:\\My Data\\mohsi\\NewProjects\\UPWORK\\Projects\\cory_sager\\Project\\ScheduleSmart\\ssmart\\node_modules\\tedious\\lib\\connection.js:740:25\n    at GetAddrInfoReqWrap.callback (E:\\My Data\\mohsi\\NewProjects\\UPWORK\\Projects\\cory_sager\\Project\\ScheduleSmart\\ssmart\\node_modules\\tedious\\lib\\connector.js:68:18)\n    at GetAddrInfoReqWrap.onlookupall [as oncomplete] (dns.js:79:17)","name":"SequelizeHostNotFoundError","parent":{"message":"Failed to connect to DESKTOP-7LKJK96\\MOHSIN:1433 - getaddrinfo ENOTFOUND DESKTOP-7LKJK96\\MOHSIN","code":"ESOCKET"},"original":{"message":"Failed to connect to DESKTOP-7LKJK96\\MOHSIN:1433 - getaddrinfo ENOTFOUND DESKTOP-7LKJK96\\MOHSIN","code":"ESOCKET"},"level":"error","timestamp":"2018-06-06T07:30:50.864Z"}
{"level":"info","message":"\u001b[0mGET /api/ss/companyTypes \u001b[31m500 \u001b[0m5.703 ms - -\u001b[0m\n","timestamp":"2018-06-06T07:30:50.868Z"}
{"message":"Failed to connect to DESKTOP-7LKJK96\\MOHSIN:1433 - getaddrinfo ENOTFOUND DESKTOP-7LKJK96\\MOHSIN","stack":"SequelizeHostNotFoundError: Failed to connect to DESKTOP-7LKJK96\\MOHSIN:1433 - getaddrinfo ENOTFOUND DESKTOP-7LKJK96\\MOHSIN\n    at Connection.connection.on.err (E:\\My Data\\mohsi\\NewProjects\\UPWORK\\Projects\\cory_sager\\Project\\ScheduleSmart\\ssmart\\node_modules\\sequelize\\lib\\dialects\\mssql\\connection-manager.js:98:22)\n    at Connection.emit (events.js:127:13)\n    at Connection.socketError (E:\\My Data\\mohsi\\NewProjects\\UPWORK\\Projects\\cory_sager\\Project\\ScheduleSmart\\ssmart\\node_modules\\tedious\\lib\\connection.js:875:14)\n    at E:\\My Data\\mohsi\\NewProjects\\UPWORK\\Projects\\cory_sager\\Project\\ScheduleSmart\\ssmart\\node_modules\\tedious\\lib\\connection.js:740:25\n    at GetAddrInfoReqWrap.callback (E:\\My Data\\mohsi\\NewProjects\\UPWORK\\Projects\\cory_sager\\Project\\ScheduleSmart\\ssmart\\node_modules\\tedious\\lib\\connector.js:68:18)\n    at GetAddrInfoReqWrap.onlookupall [as oncomplete] (dns.js:79:17)","name":"SequelizeHostNotFoundError","parent":{"message":"Failed to connect to DESKTOP-7LKJK96\\MOHSIN:1433 - getaddrinfo ENOTFOUND DESKTOP-7LKJK96\\MOHSIN","code":"ESOCKET"},"original":{"message":"Failed to connect to DESKTOP-7LKJK96\\MOHSIN:1433 - getaddrinfo ENOTFOUND DESKTOP-7LKJK96\\MOHSIN","code":"ESOCKET"},"level":"error","timestamp":"2018-06-06T07:30:52.771Z"}
{"level":"info","message":"\u001b[0mGET /api/ss/companyTypes \u001b[31m500 \u001b[0m8.861 ms - -\u001b[0m\n","timestamp":"2018-06-06T07:30:52.771Z"}
{"message":"Failed to connect to DESKTOP-7LKJK96\\MOHSIN:1433 - getaddrinfo ENOTFOUND DESKTOP-7LKJK96\\MOHSIN","stack":"SequelizeHostNotFoundError: Failed to connect to DESKTOP-7LKJK96\\MOHSIN:1433 - getaddrinfo ENOTFOUND DESKTOP-7LKJK96\\MOHSIN\n    at Connection.connection.on.err (E:\\My Data\\mohsi\\NewProjects\\UPWORK\\Projects\\cory_sager\\Project\\ScheduleSmart\\ssmart\\node_modules\\sequelize\\lib\\dialects\\mssql\\connection-manager.js:98:22)\n    at Connection.emit (events.js:127:13)\n    at Connection.socketError (E:\\My Data\\mohsi\\NewProjects\\UPWORK\\Projects\\cory_sager\\Project\\ScheduleSmart\\ssmart\\node_modules\\tedious\\lib\\connection.js:875:14)\n    at E:\\My Data\\mohsi\\NewProjects\\UPWORK\\Projects\\cory_sager\\Project\\ScheduleSmart\\ssmart\\node_modules\\tedious\\lib\\connection.js:740:25\n    at GetAddrInfoReqWrap.callback (E:\\My Data\\mohsi\\NewProjects\\UPWORK\\Projects\\cory_sager\\Project\\ScheduleSmart\\ssmart\\node_modules\\tedious\\lib\\connector.js:68:18)\n    at GetAddrInfoReqWrap.onlookupall [as oncomplete] (dns.js:79:17)","name":"SequelizeHostNotFoundError","parent":{"message":"Failed to connect to DESKTOP-7LKJK96\\MOHSIN:1433 - getaddrinfo ENOTFOUND DESKTOP-7LKJK96\\MOHSIN","code":"ESOCKET"},"original":{"message":"Failed to connect to DESKTOP-7LKJK96\\MOHSIN:1433 - getaddrinfo ENOTFOUND DESKTOP-7LKJK96\\MOHSIN","code":"ESOCKET"},"level":"error","timestamp":"2018-06-06T07:30:53.892Z"}
{"level":"info","message":"\u001b[0mGET /api/ss/companyTypes \u001b[31m500 \u001b[0m3.407 ms - -\u001b[0m\n","timestamp":"2018-06-06T07:30:53.892Z"}
{"level":"info","message":"\u001b[0mGET /api/ss/companyType \u001b[33m404 \u001b[0m2.040 ms - 157\u001b[0m\n","timestamp":"2018-06-06T07:31:00.067Z"}
{"message":"Failed to connect to DESKTOP-7LKJK96\\MOHSIN:1433 - getaddrinfo ENOTFOUND DESKTOP-7LKJK96\\MOHSIN","stack":"SequelizeHostNotFoundError: Failed to connect to DESKTOP-7LKJK96\\MOHSIN:1433 - getaddrinfo ENOTFOUND DESKTOP-7LKJK96\\MOHSIN\n    at Connection.connection.on.err (E:\\My Data\\mohsi\\NewProjects\\UPWORK\\Projects\\cory_sager\\Project\\ScheduleSmart\\ssmart\\node_modules\\sequelize\\lib\\dialects\\mssql\\connection-manager.js:98:22)\n    at Connection.emit (events.js:127:13)\n    at Connection.socketError (E:\\My Data\\mohsi\\NewProjects\\UPWORK\\Projects\\cory_sager\\Project\\ScheduleSmart\\ssmart\\node_modules\\tedious\\lib\\connection.js:875:14)\n    at E:\\My Data\\mohsi\\NewProjects\\UPWORK\\Projects\\cory_sager\\Project\\ScheduleSmart\\ssmart\\node_modules\\tedious\\lib\\connection.js:740:25\n    at GetAddrInfoReqWrap.callback (E:\\My Data\\mohsi\\NewProjects\\UPWORK\\Projects\\cory_sager\\Project\\ScheduleSmart\\ssmart\\node_modules\\tedious\\lib\\connector.js:68:18)\n    at GetAddrInfoReqWrap.onlookupall [as oncomplete] (dns.js:79:17)","name":"SequelizeHostNotFoundError","parent":{"message":"Failed to connect to DESKTOP-7LKJK96\\MOHSIN:1433 - getaddrinfo ENOTFOUND DESKTOP-7LKJK96\\MOHSIN","code":"ESOCKET"},"original":{"message":"Failed to connect to DESKTOP-7LKJK96\\MOHSIN:1433 - getaddrinfo ENOTFOUND DESKTOP-7LKJK96\\MOHSIN","code":"ESOCKET"},"level":"error","timestamp":"2018-06-06T07:31:04.085Z"}
{"level":"info","message":"\u001b[0mGET /api/ss/companyTypes \u001b[31m500 \u001b[0m8.122 ms - -\u001b[0m\n","timestamp":"2018-06-06T07:31:04.089Z"}
{"message":"Failed to connect to DESKTOP-7LKJK96\\MOHSIN:1433 - getaddrinfo ENOTFOUND DESKTOP-7LKJK96\\MOHSIN","stack":"SequelizeHostNotFoundError: Failed to connect to DESKTOP-7LKJK96\\MOHSIN:1433 - getaddrinfo ENOTFOUND DESKTOP-7LKJK96\\MOHSIN\n    at Connection.connection.on.err (E:\\My Data\\mohsi\\NewProjects\\UPWORK\\Projects\\cory_sager\\Project\\ScheduleSmart\\ssmart\\node_modules\\sequelize\\lib\\dialects\\mssql\\connection-manager.js:98:22)\n    at Connection.emit (events.js:127:13)\n    at Connection.socketError (E:\\My Data\\mohsi\\NewProjects\\UPWORK\\Projects\\cory_sager\\Project\\ScheduleSmart\\ssmart\\node_modules\\tedious\\lib\\connection.js:875:14)\n    at E:\\My Data\\mohsi\\NewProjects\\UPWORK\\Projects\\cory_sager\\Project\\ScheduleSmart\\ssmart\\node_modules\\tedious\\lib\\connection.js:740:25\n    at GetAddrInfoReqWrap.callback (E:\\My Data\\mohsi\\NewProjects\\UPWORK\\Projects\\cory_sager\\Project\\ScheduleSmart\\ssmart\\node_modules\\tedious\\lib\\connector.js:68:18)\n    at GetAddrInfoReqWrap.onlookupall [as oncomplete] (dns.js:79:17)","name":"SequelizeHostNotFoundError","parent":{"message":"Failed to connect to DESKTOP-7LKJK96\\MOHSIN:1433 - getaddrinfo ENOTFOUND DESKTOP-7LKJK96\\MOHSIN","code":"ESOCKET"},"original":{"message":"Failed to connect to DESKTOP-7LKJK96\\MOHSIN:1433 - getaddrinfo ENOTFOUND DESKTOP-7LKJK96\\MOHSIN","code":"ESOCKET"},"level":"error","timestamp":"2018-06-06T07:33:01.399Z"}
{"level":"info","message":"\u001b[0mGET /api/ss/companyTypes \u001b[31m500 \u001b[0m8.817 ms - -\u001b[0m\n","timestamp":"2018-06-06T07:33:01.407Z"}
