0 info it worked if it ends with ok
1 verbose cli [ 'C:\\Program Files (x86)\\nodejs\\node.exe',
1 verbose cli   'C:\\Program Files (x86)\\nodejs\\node_modules\\npm\\bin\\npm-cli.js',
1 verbose cli   'run',
1 verbose cli   'start' ]
2 info using npm@3.10.10
3 info using node@v6.12.3
4 warn invalid config loglevel="notice"
5 verbose run-script [ 'prestart', 'start', 'poststart' ]
6 info lifecycle appointity@1.0.0~prestart: appointity@1.0.0
7 silly lifecycle appointity@1.0.0~prestart: no script for prestart, continuing
8 info lifecycle appointity@1.0.0~start: appointity@1.0.0
9 verbose lifecycle appointity@1.0.0~start: unsafe-perm in lifecycle true
10 verbose lifecycle appointity@1.0.0~start: PATH: C:\Program Files (x86)\nodejs\node_modules\npm\bin\node-gyp-bin;E:\My Data\mohsi\NewProjects\UPWORK\Projects\cory_sager\Project\ScheduleSmart\ssmart\node_modules\.bin;C:\ProgramData\Oracle\Java\javapath;c:\Program Files (x86)\Intel\iCLS Client\;c:\Program Files\Intel\iCLS Client\;C:\WINDOWS\system32;C:\WINDOWS;C:\WINDOWS\System32\Wbem;C:\WINDOWS\System32\WindowsPowerShell\v1.0\;C:\Program Files\Intel\Intel(R) Management Engine Components\DAL;C:\Program Files\Intel\Intel(R) Management Engine Components\IPT;C:\Program Files (x86)\Intel\Intel(R) Management Engine Components\DAL;C:\Program Files (x86)\Intel\Intel(R) Management Engine Components\IPT;C:\Program Files (x86)\Microsoft SQL Server\Client SDK\ODBC\110\Tools\Binn\;C:\Program Files (x86)\Microsoft SQL Server\120\Tools\Binn\;C:\Program Files (x86)\Microsoft SQL Server\120\DTS\Binn\;C:\Program Files\Microsoft SQL Server\Client SDK\ODBC\110\Tools\Binn\;C:\Program Files (x86)\Microsoft SQL Server\120\Tools\Binn\ManagementStudio\;C:\Program Files\Microsoft SQL Server\120\Tools\Binn\;C:\Program Files\Microsoft SQL Server\120\DTS\Binn\;C:\WINDOWS\system32\config\systemprofile\.dnx\bin;C:\Program Files\Microsoft DNX\Dnvm\;C:\Program Files (x86)\MySQL\MySQL Fabric 1.5 & MySQL Utilities 1.5\;C:\Program Files (x86)\MySQL\MySQL Fabric 1.5 & MySQL Utilities 1.5\Doctrine extensions for PHP\;C:\Program Files\Java\jdk1.8.0_112\bin;C:\Program Files (x86)\Skype\Phone\;C:\Program Files\Microsoft SQL Server\130\Tools\Binn\;C:\Program Files\dotnet\;C:\Program Files\Anaconda3;C:\Program Files\Anaconda3\Scripts;C:\Program Files\Anaconda3\Library\bin;C:\Program Files\Git\cmd;C:\Program Files (x86)\Windows Kits\8.1\Windows Performance Toolkit\;C:\WINDOWS\System32\OpenSSH\;C:\Program Files (x86)\Microsoft SQL Server\Client SDK\ODBC\130\Tools\Binn\;C:\Program Files (x86)\Microsoft SQL Server\140\Tools\Binn\;C:\Program Files (x86)\Microsoft SQL Server\140\DTS\Binn\;C:\Program Files (x86)\Microsoft SQL Server\140\Tools\Binn\ManagementStudio\;C:\Program Files (x86)\nodejs\;C:\Users\Mohsin-PC\.dnx\bin;C:\Users\Mohsin-PC\AppData\Local\Microsoft\WindowsApps;C:\Program Files (x86)\Microsoft VS Code\bin;C:\Users\Mohsin-PC\AppData\Local\GitHubDesktop\bin;C:\Users\Mohsin-PC\AppData\Local\Microsoft\WindowsApps;C:\Users\Mohsin-PC\AppData\Roaming\npm;C:\Users\Mohsin-PC\AppData\Local\Programs\Fiddler
11 verbose lifecycle appointity@1.0.0~start: CWD: E:\My Data\mohsi\NewProjects\UPWORK\Projects\cory_sager\Project\ScheduleSmart\ssmart
12 silly lifecycle appointity@1.0.0~start: Args: [ '/d /s /c', 'node index.js' ]
13 silly lifecycle appointity@1.0.0~start: Returned: code: 1  signal: null
14 info lifecycle appointity@1.0.0~start: Failed to exec start script
15 verbose stack Error: appointity@1.0.0 start: `node index.js`
15 verbose stack Exit status 1
15 verbose stack     at EventEmitter.<anonymous> (C:\Program Files (x86)\nodejs\node_modules\npm\lib\utils\lifecycle.js:255:16)
15 verbose stack     at emitTwo (events.js:106:13)
15 verbose stack     at EventEmitter.emit (events.js:191:7)
15 verbose stack     at ChildProcess.<anonymous> (C:\Program Files (x86)\nodejs\node_modules\npm\lib\utils\spawn.js:40:14)
15 verbose stack     at emitTwo (events.js:106:13)
15 verbose stack     at ChildProcess.emit (events.js:191:7)
15 verbose stack     at maybeClose (internal/child_process.js:920:16)
15 verbose stack     at Process.ChildProcess._handle.onexit (internal/child_process.js:230:5)
16 verbose pkgid appointity@1.0.0
17 verbose cwd E:\My Data\mohsi\NewProjects\UPWORK\Projects\cory_sager\Project\ScheduleSmart\ssmart
18 error Windows_NT 10.0.17134
19 error argv "C:\\Program Files (x86)\\nodejs\\node.exe" "C:\\Program Files (x86)\\nodejs\\node_modules\\npm\\bin\\npm-cli.js" "run" "start"
20 error node v6.12.3
21 error npm  v3.10.10
22 error code ELIFECYCLE
23 error appointity@1.0.0 start: `node index.js`
23 error Exit status 1
24 error Failed at the appointity@1.0.0 start script 'node index.js'.
24 error Make sure you have the latest version of node.js and npm installed.
24 error If you do, this is most likely a problem with the appointity package,
24 error not with npm itself.
24 error Tell the author that this fails on your system:
24 error     node index.js
24 error You can get information on how to open an issue for this project with:
24 error     npm bugs appointity
24 error Or if that isn't available, you can get their info via:
24 error     npm owner ls appointity
24 error There is likely additional logging output above.
25 verbose exit [ 1, true ]
